
The input data was investigated for obvious errors.
Investigation is only performed for data that are to be included in the model.

Possible Error: The Full Load Hours calculated on (S,T) from the variation profile DE_VAR_T is not close to the Full Load Hours calculated on (SSS,TTT) for region DK1                             , user group PII         : 7135 against 6461: The electricity demand variation DE_VAR_T(,,S,T) appears mostly to be closer to the peak than expected from DE_VAR_T(,,SSS,TTT).
Possible Error: The Full Load Hours calculated on (S,T) from the variation profile DE_VAR_T is not close to the Full Load Hours calculated on (SSS,TTT) for region DK2                             , user group RESE        : 5867 against 5214: The electricity demand variation DE_VAR_T(,,S,T) appears mostly to be closer to the peak than expected from DE_VAR_T(,,SSS,TTT).
Possible Error: The Full Load Hours calculated on (S,T) from the variation profile DE_VAR_T is not close to the Full Load Hours calculated on (SSS,TTT) for region DK2                             , user group PII         : 7135 against 6461: The electricity demand variation DE_VAR_T(,,S,T) appears mostly to be closer to the peak than expected from DE_VAR_T(,,SSS,TTT).
Possible Error: The Full Load Hours calculated on (S,T) from the variation profile DE_VAR_T is not close to the Full Load Hours calculated on (SSS,TTT) for region DK2                             , user group OTHER       : 5867 against 5214: The electricity demand variation DE_VAR_T(,,S,T) appears mostly to be closer to the peak than expected from DE_VAR_T(,,SSS,TTT).
Possible Error: The Full Load Hours calculated on (S,T) from the variation profile DE_VAR_T is not close to the Full Load Hours calculated on (SSS,TTT) for region NO1                             , user group RESE        : 5127 against 4546: The electricity demand variation DE_VAR_T(,,S,T) appears mostly to be closer to the peak than expected from DE_VAR_T(,,SSS,TTT).
Possible Error: The Full Load Hours calculated on (S,T) from the variation profile DE_VAR_T is not close to the Full Load Hours calculated on (SSS,TTT) for region NO1                             , user group PII         : 7135 against 6461: The electricity demand variation DE_VAR_T(,,S,T) appears mostly to be closer to the peak than expected from DE_VAR_T(,,SSS,TTT).
Possible Error: The Full Load Hours calculated on (S,T) from the variation profile DE_VAR_T is not close to the Full Load Hours calculated on (SSS,TTT) for region NO1                             , user group OTHER       : 5127 against 4546: The electricity demand variation DE_VAR_T(,,S,T) appears mostly to be closer to the peak than expected from DE_VAR_T(,,SSS,TTT).
Possible Error: The Full Load Hours calculated on (S,T) from the variation profile DE_VAR_T is not close to the Full Load Hours calculated on (SSS,TTT) for region NO2                             , user group PII         : 7135 against 6461: The electricity demand variation DE_VAR_T(,,S,T) appears mostly to be closer to the peak than expected from DE_VAR_T(,,SSS,TTT).
Possible Error: The Full Load Hours calculated on (S,T) from the variation profile DE_VAR_T is not close to the Full Load Hours calculated on (SSS,TTT) for region NO3                             , user group RESE        : 5589 against 4938: The electricity demand variation DE_VAR_T(,,S,T) appears mostly to be closer to the peak than expected from DE_VAR_T(,,SSS,TTT).
Possible Error: The Full Load Hours calculated on (S,T) from the variation profile DE_VAR_T is not close to the Full Load Hours calculated on (SSS,TTT) for region NO3                             , user group PII         : 7135 against 6461: The electricity demand variation DE_VAR_T(,,S,T) appears mostly to be closer to the peak than expected from DE_VAR_T(,,SSS,TTT).
Possible Error: The Full Load Hours calculated on (S,T) from the variation profile DE_VAR_T is not close to the Full Load Hours calculated on (SSS,TTT) for region NO3                             , user group OTHER       : 5589 against 4938: The electricity demand variation DE_VAR_T(,,S,T) appears mostly to be closer to the peak than expected from DE_VAR_T(,,SSS,TTT).
Possible Error: The Full Load Hours calculated on (S,T) from the variation profile DE_VAR_T is not close to the Full Load Hours calculated on (SSS,TTT) for region NO4                             , user group PII         : 7135 against 6461: The electricity demand variation DE_VAR_T(,,S,T) appears mostly to be closer to the peak than expected from DE_VAR_T(,,SSS,TTT).
Possible Error: The Full Load Hours calculated on (S,T) from the variation profile DE_VAR_T is not close to the Full Load Hours calculated on (SSS,TTT) for region NO5                             , user group PII         : 7135 against 6461: The electricity demand variation DE_VAR_T(,,S,T) appears mostly to be closer to the peak than expected from DE_VAR_T(,,SSS,TTT).
   The above check on reasonable consistency between the FLHs calculated from the input variation profile over (SSS,TTT) (the whole year) and over (S,T) (the time segments selected):
   For the calculation and check to make sense is must be assumed that DE_VAR_T and DH_VAR_T are given for a whole year, i.e., CARD(SSS)*CARD(TTT) = 8736 ('whole' year).
   It is also assumed that the weights of the segments is in such full-year case the same for all (SSS,TTT), i.e., the corresponding IHOURSINST(SSS,TTT) are the same for all time segments.
   The above check on Full Load Hours FLH was made with a tolerance on the quotient of 0.100.
   CARD(S)*CARD(T) is  420, if this number is much smaller than 8736 this may be the explanation, e.g. if the S and T selected do not contain DE_VAR_T or DH_VAR_T values that are representative for the whole year.
#
Possible Error: The Full Load Hours calculated on (S,T) from the variation profile DH_VAR_T is not close to the Full Load Hours calculated on (SSS,TTT) for area   NO1_A2                          , user group RESH        : 3723 against 2474: The heat demand variation DH_VAR_T,,S,T) appears mostly to be closer to the peak than expected from DH_VAR_T(,,SSS,TTT).
Possible Error: The Full Load Hours calculated on (S,T) from the variation profile DH_VAR_T is not close to the Full Load Hours calculated on (SSS,TTT) for area   NO1_A3                          , user group RESH        : 3237 against 2531: The heat demand variation DH_VAR_T,,S,T) appears mostly to be closer to the peak than expected from DH_VAR_T(,,SSS,TTT).
Possible Error: The Full Load Hours calculated on (S,T) from the variation profile DH_VAR_T is not close to the Full Load Hours calculated on (SSS,TTT) for area   NO2_A2                          , user group RESH        : 2740 against 2235: The heat demand variation DH_VAR_T,,S,T) appears mostly to be closer to the peak than expected from DH_VAR_T(,,SSS,TTT).
Possible Error: The Full Load Hours calculated on (S,T) from the variation profile DH_VAR_T is not close to the Full Load Hours calculated on (SSS,TTT) for area   NO3_A2                          , user group RESH        : 3605 against 2592: The heat demand variation DH_VAR_T,,S,T) appears mostly to be closer to the peak than expected from DH_VAR_T(,,SSS,TTT).
Possible Error: The Full Load Hours calculated on (S,T) from the variation profile DH_VAR_T is not close to the Full Load Hours calculated on (SSS,TTT) for area   NO3_A3                          , user group RESH        : 3474 against 2528: The heat demand variation DH_VAR_T,,S,T) appears mostly to be closer to the peak than expected from DH_VAR_T(,,SSS,TTT).
Possible Error: The Full Load Hours calculated on (S,T) from the variation profile DH_VAR_T is not close to the Full Load Hours calculated on (SSS,TTT) for area   NO4_A2                          , user group RESH        : 4049 against 2767: The heat demand variation DH_VAR_T,,S,T) appears mostly to be closer to the peak than expected from DH_VAR_T(,,SSS,TTT).
Possible Error: The Full Load Hours calculated on (S,T) from the variation profile DH_VAR_T is not close to the Full Load Hours calculated on (SSS,TTT) for area   NO5_A2                          , user group RESH        : 3554 against 2471: The heat demand variation DH_VAR_T,,S,T) appears mostly to be closer to the peak than expected from DH_VAR_T(,,SSS,TTT).
Possible Error: The Full Load Hours calculated on (S,T) from the variation profile DH_VAR_T is not close to the Full Load Hours calculated on (SSS,TTT) for area   DK1_Large                       , user group RESH        : 4655 against 3695: The heat demand variation DH_VAR_T,,S,T) appears mostly to be closer to the peak than expected from DH_VAR_T(,,SSS,TTT).
Possible Error: The Full Load Hours calculated on (S,T) from the variation profile DH_VAR_T is not close to the Full Load Hours calculated on (SSS,TTT) for area   DK1_Rural                       , user group RESH        : 5570 against 4849: The heat demand variation DH_VAR_T,,S,T) appears mostly to be closer to the peak than expected from DH_VAR_T(,,SSS,TTT).
Possible Error: The Full Load Hours calculated on (S,T) from the variation profile DH_VAR_T is not close to the Full Load Hours calculated on (SSS,TTT) for area   DK1_Medium                      , user group RESH        : 5570 against 4849: The heat demand variation DH_VAR_T,,S,T) appears mostly to be closer to the peak than expected from DH_VAR_T(,,SSS,TTT).
Possible Error: The Full Load Hours calculated on (S,T) from the variation profile DH_VAR_T is not close to the Full Load Hours calculated on (SSS,TTT) for area   DK2_Large                       , user group RESH        : 4655 against 3694: The heat demand variation DH_VAR_T,,S,T) appears mostly to be closer to the peak than expected from DH_VAR_T(,,SSS,TTT).
Possible Error: The Full Load Hours calculated on (S,T) from the variation profile DH_VAR_T is not close to the Full Load Hours calculated on (SSS,TTT) for area   DK2_Rural                       , user group RESH        : 5570 against 4849: The heat demand variation DH_VAR_T,,S,T) appears mostly to be closer to the peak than expected from DH_VAR_T(,,SSS,TTT).
Possible Error: The Full Load Hours calculated on (S,T) from the variation profile DH_VAR_T is not close to the Full Load Hours calculated on (SSS,TTT) for area   DK2_Medium                      , user group RESH        : 5548 against 4820: The heat demand variation DH_VAR_T,,S,T) appears mostly to be closer to the peak than expected from DH_VAR_T(,,SSS,TTT).
Possible Error: The Full Load Hours calculated on (S,T) from the variation profile DH_VAR_T is not close to the Full Load Hours calculated on (SSS,TTT) for area   DK2_MedSmall                    , user group RESH        : 5570 against 4849: The heat demand variation DH_VAR_T,,S,T) appears mostly to be closer to the peak than expected from DH_VAR_T(,,SSS,TTT).
Possible Error: The Full Load Hours calculated on (S,T) from the variation profile DH_VAR_T is not close to the Full Load Hours calculated on (SSS,TTT) for area   DK1_Small                       , user group RESH        : 5570 against 4849: The heat demand variation DH_VAR_T,,S,T) appears mostly to be closer to the peak than expected from DH_VAR_T(,,SSS,TTT).
Possible Error: The Full Load Hours calculated on (S,T) from the variation profile DH_VAR_T is not close to the Full Load Hours calculated on (SSS,TTT) for area   DK1_MedSmall                    , user group RESH        : 5570 against 4849: The heat demand variation DH_VAR_T,,S,T) appears mostly to be closer to the peak than expected from DH_VAR_T(,,SSS,TTT).
Possible Error: The Full Load Hours calculated on (S,T) from the variation profile DH_VAR_T is not close to the Full Load Hours calculated on (SSS,TTT) for area   DK2_Small                       , user group RESH        : 5570 against 4849: The heat demand variation DH_VAR_T,,S,T) appears mostly to be closer to the peak than expected from DH_VAR_T(,,SSS,TTT).
   The above check on reasonable consistency between the FLHs calculated from the input variation profile over (SSS,TTT) (the whole year) and over (S,T) (the time segments selected):
   For the calculation and check to make sense is must be assumed that DE_VAR_T and DH_VAR_T are given for a whole year, i.e., CARD(SSS)*CARD(TTT) = 8736 ('whole' year).
   It is also assumed that the weights of the segments is in such full-year case the same for all (SSS,TTT), i.e., the corresponding IHOURSINST(SSS,TTT) are the same for all time segments.
   The above check on Full Load Hours FLH was made with a tolerance on the quotient of 0.100.
   CARD(S)*CARD(T) is  420, if this number is much smaller than 8736 this may be the explanation, e.g. if the S and T selected do not contain DE_VAR_T or DH_VAR_T values that are representative for the whole year.
#
Possible Error: The Full Load Hours calculated on (S,T) from the variation profile given by WTRRSVAR_S is not close to the value given in WTRRSFLH for area NO1_A1                          :    6 against 3018: The generation profile in the simulation appears mostly to be further from the (higher) peak than expected from WTRRSVAR_S(AAA,SSS,TTT).
Possible Error: The Full Load Hours calculated on (S,T) from the variation profile given by WTRRSVAR_S is not close to the value given in WTRRSFLH for area NO1_A1                          :    6 against 3018: The generation profile in the simulation appears mostly to be further from the (higher) peak than expected from WTRRSVAR_S(AAA,SSS,TTT).
Possible Error: The Full Load Hours calculated on (S,T) from the variation profile given by WTRRSVAR_S is not close to the value given in WTRRSFLH for area NO1_A1                          :    6 against 3018: The generation profile in the simulation appears mostly to be further from the (higher) peak than expected from WTRRSVAR_S(AAA,SSS,TTT).
Possible Error: The Full Load Hours calculated on (S,T) from the variation profile given by WTRRSVAR_S is not close to the value given in WTRRSFLH for area NO1_A1                          :    6 against 3018: The generation profile in the simulation appears mostly to be further from the (higher) peak than expected from WTRRSVAR_S(AAA,SSS,TTT).
Possible Error: The Full Load Hours calculated on (S,T) from the variation profile given by WTRRSVAR_S is not close to the value given in WTRRSFLH for area NO1_A1                          :    6 against 3018: The generation profile in the simulation appears mostly to be further from the (higher) peak than expected from WTRRSVAR_S(AAA,SSS,TTT).
Possible Error: The Full Load Hours calculated on (S,T) from the variation profile given by WTRRSVAR_S is not close to the value given in WTRRSFLH for area NO1_A1                          :    6 against 3018: The generation profile in the simulation appears mostly to be further from the (higher) peak than expected from WTRRSVAR_S(AAA,SSS,TTT).
Possible Error: The Full Load Hours calculated on (S,T) from the variation profile given by WTRRSVAR_S is not close to the value given in WTRRSFLH for area NO1_A1                          :    6 against 3018: The generation profile in the simulation appears mostly to be further from the (higher) peak than expected from WTRRSVAR_S(AAA,SSS,TTT).
Possible Error: The Full Load Hours calculated on (S,T) from the variation profile given by WTRRSVAR_S is not close to the value given in WTRRSFLH for area NO1_A1                          :    6 against 3018: The generation profile in the simulation appears mostly to be further from the (higher) peak than expected from WTRRSVAR_S(AAA,SSS,TTT).
Possible Error: The Full Load Hours calculated on (S,T) from the variation profile given by WTRRSVAR_S is not close to the value given in WTRRSFLH for area NO1_A1                          :    6 against 3018: The generation profile in the simulation appears mostly to be further from the (higher) peak than expected from WTRRSVAR_S(AAA,SSS,TTT).
Possible Error: The Full Load Hours calculated on (S,T) from the variation profile given by WTRRSVAR_S is not close to the value given in WTRRSFLH for area NO1_A1                          :    6 against 3018: The generation profile in the simulation appears mostly to be further from the (higher) peak than expected from WTRRSVAR_S(AAA,SSS,TTT).
Possible Error: The Full Load Hours calculated on (S,T) from the variation profile given by WTRRSVAR_S is not close to the value given in WTRRSFLH for area NO2_A1                          :   10 against 4225: The generation profile in the simulation appears mostly to be further from the (higher) peak than expected from WTRRSVAR_S(AAA,SSS,TTT).
Possible Error: The Full Load Hours calculated on (S,T) from the variation profile given by WTRRSVAR_S is not close to the value given in WTRRSFLH for area NO2_A1                          :   10 against 4225: The generation profile in the simulation appears mostly to be further from the (higher) peak than expected from WTRRSVAR_S(AAA,SSS,TTT).
Possible Error: The Full Load Hours calculated on (S,T) from the variation profile given by WTRRSVAR_S is not close to the value given in WTRRSFLH for area NO2_A1                          :   10 against 4225: The generation profile in the simulation appears mostly to be further from the (higher) peak than expected from WTRRSVAR_S(AAA,SSS,TTT).
Possible Error: The Full Load Hours calculated on (S,T) from the variation profile given by WTRRSVAR_S is not close to the value given in WTRRSFLH for area NO2_A1                          :   10 against 4225: The generation profile in the simulation appears mostly to be further from the (higher) peak than expected from WTRRSVAR_S(AAA,SSS,TTT).
Possible Error: The Full Load Hours calculated on (S,T) from the variation profile given by WTRRSVAR_S is not close to the value given in WTRRSFLH for area NO2_A1                          :   10 against 4225: The generation profile in the simulation appears mostly to be further from the (higher) peak than expected from WTRRSVAR_S(AAA,SSS,TTT).
Possible Error: The Full Load Hours calculated on (S,T) from the variation profile given by WTRRSVAR_S is not close to the value given in WTRRSFLH for area NO2_A1                          :   10 against 4225: The generation profile in the simulation appears mostly to be further from the (higher) peak than expected from WTRRSVAR_S(AAA,SSS,TTT).
Possible Error: The Full Load Hours calculated on (S,T) from the variation profile given by WTRRSVAR_S is not close to the value given in WTRRSFLH for area NO2_A1                          :   10 against 4225: The generation profile in the simulation appears mostly to be further from the (higher) peak than expected from WTRRSVAR_S(AAA,SSS,TTT).
Possible Error: The Full Load Hours calculated on (S,T) from the variation profile given by WTRRSVAR_S is not close to the value given in WTRRSFLH for area NO2_A1                          :   10 against 4225: The generation profile in the simulation appears mostly to be further from the (higher) peak than expected from WTRRSVAR_S(AAA,SSS,TTT).
Possible Error: The Full Load Hours calculated on (S,T) from the variation profile given by WTRRSVAR_S is not close to the value given in WTRRSFLH for area NO2_A1                          :   10 against 4225: The generation profile in the simulation appears mostly to be further from the (higher) peak than expected from WTRRSVAR_S(AAA,SSS,TTT).
Possible Error: The Full Load Hours calculated on (S,T) from the variation profile given by WTRRSVAR_S is not close to the value given in WTRRSFLH for area NO2_A1                          :   10 against 4225: The generation profile in the simulation appears mostly to be further from the (higher) peak than expected from WTRRSVAR_S(AAA,SSS,TTT).
Possible Error: The Full Load Hours calculated on (S,T) from the variation profile given by WTRRSVAR_S is not close to the value given in WTRRSFLH for area NO2_A1                          :   10 against 4225: The generation profile in the simulation appears mostly to be further from the (higher) peak than expected from WTRRSVAR_S(AAA,SSS,TTT).
Possible Error: The Full Load Hours calculated on (S,T) from the variation profile given by WTRRSVAR_S is not close to the value given in WTRRSFLH for area NO3_A1                          :   10 against 4441: The generation profile in the simulation appears mostly to be further from the (higher) peak than expected from WTRRSVAR_S(AAA,SSS,TTT).
Possible Error: The Full Load Hours calculated on (S,T) from the variation profile given by WTRRSVAR_S is not close to the value given in WTRRSFLH for area NO3_A1                          :   10 against 4441: The generation profile in the simulation appears mostly to be further from the (higher) peak than expected from WTRRSVAR_S(AAA,SSS,TTT).
Possible Error: The Full Load Hours calculated on (S,T) from the variation profile given by WTRRSVAR_S is not close to the value given in WTRRSFLH for area NO3_A1                          :   10 against 4441: The generation profile in the simulation appears mostly to be further from the (higher) peak than expected from WTRRSVAR_S(AAA,SSS,TTT).
Possible Error: The Full Load Hours calculated on (S,T) from the variation profile given by WTRRSVAR_S is not close to the value given in WTRRSFLH for area NO3_A1                          :   10 against 4441: The generation profile in the simulation appears mostly to be further from the (higher) peak than expected from WTRRSVAR_S(AAA,SSS,TTT).
Possible Error: The Full Load Hours calculated on (S,T) from the variation profile given by WTRRSVAR_S is not close to the value given in WTRRSFLH for area NO3_A1                          :   10 against 4441: The generation profile in the simulation appears mostly to be further from the (higher) peak than expected from WTRRSVAR_S(AAA,SSS,TTT).
Possible Error: The Full Load Hours calculated on (S,T) from the variation profile given by WTRRSVAR_S is not close to the value given in WTRRSFLH for area NO3_A1                          :   10 against 4441: The generation profile in the simulation appears mostly to be further from the (higher) peak than expected from WTRRSVAR_S(AAA,SSS,TTT).
Possible Error: The Full Load Hours calculated on (S,T) from the variation profile given by WTRRSVAR_S is not close to the value given in WTRRSFLH for area NO3_A1                          :   10 against 4441: The generation profile in the simulation appears mostly to be further from the (higher) peak than expected from WTRRSVAR_S(AAA,SSS,TTT).
Possible Error: The Full Load Hours calculated on (S,T) from the variation profile given by WTRRSVAR_S is not close to the value given in WTRRSFLH for area NO3_A1                          :   10 against 4441: The generation profile in the simulation appears mostly to be further from the (higher) peak than expected from WTRRSVAR_S(AAA,SSS,TTT).
Possible Error: The Full Load Hours calculated on (S,T) from the variation profile given by WTRRSVAR_S is not close to the value given in WTRRSFLH for area NO3_A1                          :   10 against 4441: The generation profile in the simulation appears mostly to be further from the (higher) peak than expected from WTRRSVAR_S(AAA,SSS,TTT).
Possible Error: The Full Load Hours calculated on (S,T) from the variation profile given by WTRRSVAR_S is not close to the value given in WTRRSFLH for area NO3_A1                          :   10 against 4441: The generation profile in the simulation appears mostly to be further from the (higher) peak than expected from WTRRSVAR_S(AAA,SSS,TTT).
Possible Error: The Full Load Hours calculated on (S,T) from the variation profile given by WTRRSVAR_S is not close to the value given in WTRRSFLH for area NO3_A1                          :   10 against 4441: The generation profile in the simulation appears mostly to be further from the (higher) peak than expected from WTRRSVAR_S(AAA,SSS,TTT).
Possible Error: The Full Load Hours calculated on (S,T) from the variation profile given by WTRRSVAR_S is not close to the value given in WTRRSFLH for area NO4_A1                          :   10 against 5022: The generation profile in the simulation appears mostly to be further from the (higher) peak than expected from WTRRSVAR_S(AAA,SSS,TTT).
Possible Error: The Full Load Hours calculated on (S,T) from the variation profile given by WTRRSVAR_S is not close to the value given in WTRRSFLH for area NO4_A1                          :   10 against 5022: The generation profile in the simulation appears mostly to be further from the (higher) peak than expected from WTRRSVAR_S(AAA,SSS,TTT).
Possible Error: The Full Load Hours calculated on (S,T) from the variation profile given by WTRRSVAR_S is not close to the value given in WTRRSFLH for area NO4_A1                          :   10 against 5022: The generation profile in the simulation appears mostly to be further from the (higher) peak than expected from WTRRSVAR_S(AAA,SSS,TTT).
Possible Error: The Full Load Hours calculated on (S,T) from the variation profile given by WTRRSVAR_S is not close to the value given in WTRRSFLH for area NO4_A1                          :   10 against 5022: The generation profile in the simulation appears mostly to be further from the (higher) peak than expected from WTRRSVAR_S(AAA,SSS,TTT).
Possible Error: The Full Load Hours calculated on (S,T) from the variation profile given by WTRRSVAR_S is not close to the value given in WTRRSFLH for area NO4_A1                          :   10 against 5022: The generation profile in the simulation appears mostly to be further from the (higher) peak than expected from WTRRSVAR_S(AAA,SSS,TTT).
Possible Error: The Full Load Hours calculated on (S,T) from the variation profile given by WTRRSVAR_S is not close to the value given in WTRRSFLH for area NO4_A1                          :   10 against 5022: The generation profile in the simulation appears mostly to be further from the (higher) peak than expected from WTRRSVAR_S(AAA,SSS,TTT).
Possible Error: The Full Load Hours calculated on (S,T) from the variation profile given by WTRRSVAR_S is not close to the value given in WTRRSFLH for area NO4_A1                          :   10 against 5022: The generation profile in the simulation appears mostly to be further from the (higher) peak than expected from WTRRSVAR_S(AAA,SSS,TTT).
Possible Error: The Full Load Hours calculated on (S,T) from the variation profile given by WTRRSVAR_S is not close to the value given in WTRRSFLH for area NO4_A1                          :   10 against 5022: The generation profile in the simulation appears mostly to be further from the (higher) peak than expected from WTRRSVAR_S(AAA,SSS,TTT).
Possible Error: The Full Load Hours calculated on (S,T) from the variation profile given by WTRRSVAR_S is not close to the value given in WTRRSFLH for area NO4_A1                          :   10 against 5022: The generation profile in the simulation appears mostly to be further from the (higher) peak than expected from WTRRSVAR_S(AAA,SSS,TTT).
Possible Error: The Full Load Hours calculated on (S,T) from the variation profile given by WTRRSVAR_S is not close to the value given in WTRRSFLH for area NO4_A1                          :   10 against 5022: The generation profile in the simulation appears mostly to be further from the (higher) peak than expected from WTRRSVAR_S(AAA,SSS,TTT).
Possible Error: The Full Load Hours calculated on (S,T) from the variation profile given by WTRRSVAR_S is not close to the value given in WTRRSFLH for area NO5_A1                          :   10 against 4247: The generation profile in the simulation appears mostly to be further from the (higher) peak than expected from WTRRSVAR_S(AAA,SSS,TTT).
Possible Error: The Full Load Hours calculated on (S,T) from the variation profile given by WTRRSVAR_S is not close to the value given in WTRRSFLH for area NO5_A1                          :   10 against 4247: The generation profile in the simulation appears mostly to be further from the (higher) peak than expected from WTRRSVAR_S(AAA,SSS,TTT).
Possible Error: The Full Load Hours calculated on (S,T) from the variation profile given by WTRRSVAR_S is not close to the value given in WTRRSFLH for area NO5_A1                          :   10 against 4247: The generation profile in the simulation appears mostly to be further from the (higher) peak than expected from WTRRSVAR_S(AAA,SSS,TTT).
Possible Error: The Full Load Hours calculated on (S,T) from the variation profile given by WTRRSVAR_S is not close to the value given in WTRRSFLH for area NO5_A1                          :   10 against 4247: The generation profile in the simulation appears mostly to be further from the (higher) peak than expected from WTRRSVAR_S(AAA,SSS,TTT).
Possible Error: The Full Load Hours calculated on (S,T) from the variation profile given by WTRRSVAR_S is not close to the value given in WTRRSFLH for area NO5_A1                          :   10 against 4247: The generation profile in the simulation appears mostly to be further from the (higher) peak than expected from WTRRSVAR_S(AAA,SSS,TTT).
Possible Error: The Full Load Hours calculated on (S,T) from the variation profile given by WTRRSVAR_S is not close to the value given in WTRRSFLH for area NO5_A1                          :   10 against 4247: The generation profile in the simulation appears mostly to be further from the (higher) peak than expected from WTRRSVAR_S(AAA,SSS,TTT).
Possible Error: The Full Load Hours calculated on (S,T) from the variation profile given by WTRRSVAR_S is not close to the value given in WTRRSFLH for area NO5_A1                          :   10 against 4247: The generation profile in the simulation appears mostly to be further from the (higher) peak than expected from WTRRSVAR_S(AAA,SSS,TTT).
Possible Error: The Full Load Hours calculated on (S,T) from the variation profile given by WTRRSVAR_S is not close to the value given in WTRRSFLH for area NO5_A1                          :   10 against 4247: The generation profile in the simulation appears mostly to be further from the (higher) peak than expected from WTRRSVAR_S(AAA,SSS,TTT).
Possible Error: The Full Load Hours calculated on (S,T) from the variation profile given by WTRRSVAR_S is not close to the value given in WTRRSFLH for area NO5_A1                          :   10 against 4247: The generation profile in the simulation appears mostly to be further from the (higher) peak than expected from WTRRSVAR_S(AAA,SSS,TTT).
Possible Error: The Full Load Hours calculated on (S,T) from the variation profile given by WTRRSVAR_S is not close to the value given in WTRRSFLH for area NO5_A1                          :   10 against 4247: The generation profile in the simulation appears mostly to be further from the (higher) peak than expected from WTRRSVAR_S(AAA,SSS,TTT).
Possible Error: The Full Load Hours calculated on (S,T) from the variation profile given by WTRRSVAR_S is not close to the value given in WTRRSFLH for area NO5_A1                          :   10 against 4247: The generation profile in the simulation appears mostly to be further from the (higher) peak than expected from WTRRSVAR_S(AAA,SSS,TTT).
   The above check on Full Load Hours FLH was made with a tolerance on the quotient of 0.100
   CARD(S)*CARD(T) is  420, if this number is much smaller than 8736 this may be the explanation, e.g. if the S and T selected do not contain VAR_T values that are representative for the whole year.
#
Possible Error: The Full Load Hours calculated on (S,T) from the variation profile given by WTRRRVAR_S is not close to the value given in WTRRRFLH for area NO2_A1                          : 5452 against 4734: The generation profile in the simulation appears mostly to be closer  to the (lower) peak than expected from WTRRRVAR_T(AAA,SSS,TTT).
Possible Error: The Full Load Hours calculated on (S,T) from the variation profile given by WTRRRVAR_S is not close to the value given in WTRRRFLH for area NO4_A1                          : 3156 against 3844: The generation profile in the simulation appears mostly to be further from the (higher) peak than expected from WTRRRVAR_T(AAA,SSS,TTT).
Possible Error: The Full Load Hours calculated on (S,T) from the variation profile given by WTRRRVAR_S is not close to the value given in WTRRRFLH for area NO5_A1                          : 4264 against 5285: The generation profile in the simulation appears mostly to be further from the (higher) peak than expected from WTRRRVAR_T(AAA,SSS,TTT).
Possible Error: The Full Load Hours calculated on (S,T) from the variation profile given by WTRRRVAR_S is not close to the value given in WTRRRFLH for area DK2_NoDH                        : 5452 against 4820: The generation profile in the simulation appears mostly to be closer  to the (lower) peak than expected from WTRRRVAR_T(AAA,SSS,TTT).
Possible Error: The Full Load Hours calculated on (S,T) from the variation profile given by WTRRRVAR_S is not close to the value given in WTRRRFLH for area DK1_NoDH                        : 5452 against 4820: The generation profile in the simulation appears mostly to be closer  to the (lower) peak than expected from WTRRRVAR_T(AAA,SSS,TTT).
   The above check on Full Load Hours FLH was made with a tolerance on the quotient of 0.100
   CARD(S)*CARD(T) is  420, if this number is much smaller than 8736 this may be the explanation, e.g. if the S and T selected do not contain VAR_T values that are representative for the whole year.
#
Possible Error: The Full Load Hours calculated on (S,T) from the variation profile given by WND_VAR_T  is not close to the value given in WNDFLH   for area NO1_A1                          : 4763 against 3267: The generation profile in the simulation appears mostly to be closer  to the (lower) peak than expected from WND_VAR_T(AAA,SSS,TTT).
Possible Error: The Full Load Hours calculated on (S,T) from the variation profile given by WND_VAR_T  is not close to the value given in WNDFLH   for area NO2_A1                          : 4763 against 3267: The generation profile in the simulation appears mostly to be closer  to the (lower) peak than expected from WND_VAR_T(AAA,SSS,TTT).
Possible Error: The Full Load Hours calculated on (S,T) from the variation profile given by WND_VAR_T  is not close to the value given in WNDFLH   for area NO3_A1                          : 4108 against 3393: The generation profile in the simulation appears mostly to be closer  to the (lower) peak than expected from WND_VAR_T(AAA,SSS,TTT).
Possible Error: The Full Load Hours calculated on (S,T) from the variation profile given by WND_VAR_T  is not close to the value given in WNDFLH   for area NO4_A1                          : 4413 against 3521: The generation profile in the simulation appears mostly to be closer  to the (lower) peak than expected from WND_VAR_T(AAA,SSS,TTT).
Possible Error: The Full Load Hours calculated on (S,T) from the variation profile given by WND_VAR_T  is not close to the value given in WNDFLH   for area DK2_NoDH                        : 3947 against 2369: The generation profile in the simulation appears mostly to be closer  to the (lower) peak than expected from WND_VAR_T(AAA,SSS,TTT).
Possible Error: The Full Load Hours calculated on (S,T) from the variation profile given by WND_VAR_T  is not close to the value given in WNDFLH   for area DK1_NoDH                        : 3827 against 2202: The generation profile in the simulation appears mostly to be closer  to the (lower) peak than expected from WND_VAR_T(AAA,SSS,TTT).
Possible Error: The Full Load Hours calculated on (S,T) from the variation profile given by WND_VAR_T  is not close to the value given in WNDFLH   for area DK1_Offshore                    : 5556 against 3873: The generation profile in the simulation appears mostly to be closer  to the (lower) peak than expected from WND_VAR_T(AAA,SSS,TTT).
Possible Error: The Full Load Hours calculated on (S,T) from the variation profile given by WND_VAR_T  is not close to the value given in WNDFLH   for area DK2_Offshore                    : 4769 against 2969: The generation profile in the simulation appears mostly to be closer  to the (lower) peak than expected from WND_VAR_T(AAA,SSS,TTT).
   The above check on Full Load Hours FLH was made with a tolerance on the quotient of 0.100
   CARD(S)*CARD(T) is  420, if this number is much smaller than 8736 this may be the explanation, e.g. if the S and T selected do not contain VAR_T values that are representative for the whole year.
#
Possible Error: The Full Load Hours calculated on (S,T) from the variation profile given by SOLEVAR_S  is not close to the value given in SOLEFLH  for area DK1_NoDH                        : 1207 against 1086: The generation profile in the simulation appears mostly to be closer  to the (lower) peak than expected from SOLE_VAR_T(AAA,SSS,TTT).
   The above check on Full Load Hours FLH was made with a tolerance on the quotient of 0.100
   CARD(S)*CARD(T) is  420, if this number is much smaller than 8736 this may be the explanation, e.g. if the S and T selected do not contain VAR_T values that are representative for the whole year.
#
Possible Error: The Full Load Hours calculated on (S,T) from the variation profile given by SOLHVAR_S is not close to the value given in SOLHFLH for area DK1_Large                       :  662 against  520: The generation profile in the simulation appears mostly to be closer  to the (lower) peak than expected from SOLH_VAR_T(AAA,SSS,TTT).
Possible Error: The Full Load Hours calculated on (S,T) from the variation profile given by SOLHVAR_S is not close to the value given in SOLHFLH for area DK1_Rural                       :  662 against  520: The generation profile in the simulation appears mostly to be closer  to the (lower) peak than expected from SOLH_VAR_T(AAA,SSS,TTT).
Possible Error: The Full Load Hours calculated on (S,T) from the variation profile given by SOLHVAR_S is not close to the value given in SOLHFLH for area DK1_Medium                      :  662 against  520: The generation profile in the simulation appears mostly to be closer  to the (lower) peak than expected from SOLH_VAR_T(AAA,SSS,TTT).
Possible Error: The Full Load Hours calculated on (S,T) from the variation profile given by SOLHVAR_S is not close to the value given in SOLHFLH for area DK2_Rural                       :  662 against  520: The generation profile in the simulation appears mostly to be closer  to the (lower) peak than expected from SOLH_VAR_T(AAA,SSS,TTT).
Possible Error: The Full Load Hours calculated on (S,T) from the variation profile given by SOLHVAR_S is not close to the value given in SOLHFLH for area DK2_Medium                      :  662 against  520: The generation profile in the simulation appears mostly to be closer  to the (lower) peak than expected from SOLH_VAR_T(AAA,SSS,TTT).
Possible Error: The Full Load Hours calculated on (S,T) from the variation profile given by SOLHVAR_S is not close to the value given in SOLHFLH for area DK2_MedSmall                    :  662 against  520: The generation profile in the simulation appears mostly to be closer  to the (lower) peak than expected from SOLH_VAR_T(AAA,SSS,TTT).
Possible Error: The Full Load Hours calculated on (S,T) from the variation profile given by SOLHVAR_S is not close to the value given in SOLHFLH for area DK1_MedSmall                    :  662 against  520: The generation profile in the simulation appears mostly to be closer  to the (lower) peak than expected from SOLH_VAR_T(AAA,SSS,TTT).
   The above check on Full Load Hours FLH was made with a tolerance on the quotient of 0.100
   CARD(S)*CARD(T) is  420, if this number is much smaller than 8736 this may be the explanation, e.g. if the S and T selected do not contain VAR_T values that are representative for the whole year.
#
                Found no GGG using fuel HEAVYFUELOIL    as specified in GDATA(GGG,'FDACRONYM')
                Found no GGG using fuel ORIMULSION      as specified in GDATA(GGG,'FDACRONYM')
                Found no GGG using fuel RECYCLEDWOOD    as specified in GDATA(GGG,'FDACRONYM')
                Found no GGG using fuel LPG             as specified in GDATA(GGG,'FDACRONYM')
                Found no GGG using fuel WATERRES        as specified in GDATA(GGG,'FDACRONYM')
                Found no GGG using fuel THERMGAS        as specified in GDATA(GGG,'FDACRONYM')
                Found no GGG using fuel COAL_EXETS      as specified in GDATA(GGG,'FDACRONYM')
                Found no GGG using fuel NATGAS_EXETS    as specified in GDATA(GGG,'FDACRONYM')
                Found no GGG using fuel FUELOIL_EXETS   as specified in GDATA(GGG,'FDACRONYM')
                Found no GGG using fuel LPG_EXETS       as specified in GDATA(GGG,'FDACRONYM')
                Found no GGG using fuel HEAVYFUELOIL_EX as specified in GDATA(GGG,'FDACRONYM')
                Found no GGG using fuel COKE            as specified in GDATA(GGG,'FDACRONYM')
Possible Error: Not all 